app/build/intermediates/manifest_merge_blame_file/debug/manifest-merger-blame-debug-report.txt
1<?xml version="1.0" encoding="utf-8"?>
2<manifest xmlns:android="http://schemas.android.com/apk/res/android"
3    package="com.medicinereminder.app"
4    android:versionCode="1"
5    android:versionName="1.0" >
6
7    <uses-sdk
8        android:minSdkVersion="29"
9        android:targetSdkVersion="34" />
10
11    <!-- Permissions for alarms and notifications -->
12    <uses-permission android:name="android.permission.SCHEDULE_EXACT_ALARM" />
12-->src\main\AndroidManifest.xml:6:5-79
12-->src\main\AndroidManifest.xml:6:22-76
13    <uses-permission android:name="android.permission.USE_EXACT_ALARM" />
13-->src\main\AndroidManifest.xml:7:5-74
13-->src\main\AndroidManifest.xml:7:22-71
14    <uses-permission android:name="android.permission.POST_NOTIFICATIONS" />
14-->src\main\AndroidManifest.xml:8:5-77
14-->src\main\AndroidManifest.xml:8:22-74
15    <uses-permission android:name="android.permission.WAKE_LOCK" />
15-->src\main\AndroidManifest.xml:9:5-68
15-->src\main\AndroidManifest.xml:9:22-65
16    <uses-permission android:name="android.permission.RECEIVE_BOOT_COMPLETED" />
16-->src\main\AndroidManifest.xml:10:5-81
16-->src\main\AndroidManifest.xml:10:22-78
17    <uses-permission android:name="android.permission.FOREGROUND_SERVICE" />
17-->src\main\AndroidManifest.xml:11:5-77
17-->src\main\AndroidManifest.xml:11:22-74
18    <uses-permission android:name="android.permission.USE_FULL_SCREEN_INTENT" />
18-->src\main\AndroidManifest.xml:12:5-81
18-->src\main\AndroidManifest.xml:12:22-78
19    <uses-permission android:name="android.permission.VIBRATE" />
19-->src\main\AndroidManifest.xml:13:5-66
19-->src\main\AndroidManifest.xml:13:22-63
20    <uses-permission android:name="android.permission.FOREGROUND_SERVICE_SPECIAL_USE" />
20-->src\main\AndroidManifest.xml:14:5-89
20-->src\main\AndroidManifest.xml:14:22-86
21
22    <permission
22-->[androidx.core:core:1.12.0] AndroidManifest.xml:22:5-24:47
23        android:name="com.medicinereminder.app.DYNAMIC_RECEIVER_NOT_EXPORTED_PERMISSION"
23-->[androidx.core:core:1.12.0] AndroidManifest.xml:23:9-81
24        android:protectionLevel="signature" />
24-->[androidx.core:core:1.12.0] AndroidManifest.xml:24:9-44
25
26    <uses-permission android:name="com.medicinereminder.app.DYNAMIC_RECEIVER_NOT_EXPORTED_PERMISSION" />
26-->[androidx.core:core:1.12.0] AndroidManifest.xml:26:5-97
26-->[androidx.core:core:1.12.0] AndroidManifest.xml:26:22-94
27
28    <application
28-->src\main\AndroidManifest.xml:16:5-102:19
29        android:allowBackup="true"
29-->src\main\AndroidManifest.xml:17:9-35
30        android:appComponentFactory="androidx.core.app.CoreComponentFactory"
30-->[androidx.core:core:1.12.0] AndroidManifest.xml:28:18-86
31        android:dataExtractionRules="@xml/data_extraction_rules"
31-->src\main\AndroidManifest.xml:18:9-65
32        android:debuggable="true"
33        android:extractNativeLibs="false"
34        android:fullBackupContent="@xml/backup_rules"
34-->src\main\AndroidManifest.xml:19:9-54
35        android:icon="@android:drawable/ic_lock_idle_alarm"
35-->src\main\AndroidManifest.xml:20:9-60
36        android:label="@string/app_name"
36-->src\main\AndroidManifest.xml:21:9-41
37        android:roundIcon="@android:drawable/ic_lock_idle_alarm"
37-->src\main\AndroidManifest.xml:22:9-65
38        android:supportsRtl="true"
38-->src\main\AndroidManifest.xml:23:9-35
39        android:testOnly="true"
40        android:theme="@style/Theme.MedicineReminder" >
40-->src\main\AndroidManifest.xml:24:9-54
41
42        <!-- Main Activity -->
43        <activity
43-->src\main\AndroidManifest.xml:28:9-36:20
44            android:name="com.medicinereminder.app.MainActivity"
44-->src\main\AndroidManifest.xml:29:13-41
45            android:exported="true"
45-->src\main\AndroidManifest.xml:30:13-36
46            android:theme="@style/Theme.MedicineReminder" >
46-->src\main\AndroidManifest.xml:31:13-58
47            <intent-filter>
47-->src\main\AndroidManifest.xml:32:13-35:29
48                <action android:name="android.intent.action.MAIN" />
48-->src\main\AndroidManifest.xml:33:17-69
48-->src\main\AndroidManifest.xml:33:25-66
49
50                <category android:name="android.intent.category.LAUNCHER" />
50-->src\main\AndroidManifest.xml:34:17-77
50-->src\main\AndroidManifest.xml:34:27-74
51            </intent-filter>
52        </activity>
53
54        <!-- Alarm Ringing Activity (Full Screen) -->
55        <activity
55-->src\main\AndroidManifest.xml:39:9-46:61
56            android:name="com.medicinereminder.app.AlarmRingingActivity"
56-->src\main\AndroidManifest.xml:40:13-49
57            android:excludeFromRecents="true"
57-->src\main\AndroidManifest.xml:44:13-46
58            android:exported="false"
58-->src\main\AndroidManifest.xml:41:13-37
59            android:launchMode="singleInstance"
59-->src\main\AndroidManifest.xml:45:13-48
60            android:showWhenLocked="true"
60-->src\main\AndroidManifest.xml:42:13-42
61            android:theme="@style/Theme.MedicineReminder"
61-->src\main\AndroidManifest.xml:46:13-58
62            android:turnScreenOn="true" />
62-->src\main\AndroidManifest.xml:43:13-40
63
64        <!-- Alarm Receiver -->
65        <receiver
65-->src\main\AndroidManifest.xml:49:9-56:20
66            android:name="com.medicinereminder.app.AlarmReceiver"
66-->src\main\AndroidManifest.xml:50:13-42
67            android:enabled="true"
67-->src\main\AndroidManifest.xml:52:13-35
68            android:exported="false" >
68-->src\main\AndroidManifest.xml:51:13-37
69            <intent-filter>
69-->src\main\AndroidManifest.xml:53:13-55:29
70                <action android:name="com.medicinereminder.app.ALARM_TRIGGERED" />
70-->src\main\AndroidManifest.xml:54:17-83
70-->src\main\AndroidManifest.xml:54:25-80
71            </intent-filter>
72        </receiver>
73
74        <!-- Boot Receiver for alarm persistence -->
75        <receiver
75-->src\main\AndroidManifest.xml:59:9-67:20
76            android:name="com.medicinereminder.app.BootReceiver"
76-->src\main\AndroidManifest.xml:60:13-41
77            android:enabled="true"
77-->src\main\AndroidManifest.xml:62:13-35
78            android:exported="true" >
78-->src\main\AndroidManifest.xml:61:13-36
79            <intent-filter>
79-->src\main\AndroidManifest.xml:63:13-66:29
80                <action android:name="android.intent.action.BOOT_COMPLETED" />
80-->src\main\AndroidManifest.xml:64:17-79
80-->src\main\AndroidManifest.xml:64:25-76
81                <action android:name="android.intent.action.QUICKBOOT_POWERON" />
81-->src\main\AndroidManifest.xml:65:17-82
81-->src\main\AndroidManifest.xml:65:25-79
82            </intent-filter>
83        </receiver>
84
85        <!-- Alarm Stop Receiver for notification action -->
86        <receiver
86-->src\main\AndroidManifest.xml:70:9-77:20
87            android:name="com.medicinereminder.app.AlarmStopReceiver"
87-->src\main\AndroidManifest.xml:71:13-46
88            android:enabled="true"
88-->src\main\AndroidManifest.xml:73:13-35
89            android:exported="false" >
89-->src\main\AndroidManifest.xml:72:13-37
90            <intent-filter>
90-->src\main\AndroidManifest.xml:74:13-76:29
91                <action android:name="com.medicinereminder.app.STOP_ALARM" />
91-->src\main\AndroidManifest.xml:75:17-78
91-->src\main\AndroidManifest.xml:75:25-75
92            </intent-filter>
93        </receiver>
94
95        <!-- Foreground Service -->
96        <service
96-->src\main\AndroidManifest.xml:80:9-88:19
97            android:name="com.medicinereminder.app.AlarmService"
97-->src\main\AndroidManifest.xml:81:13-41
98            android:enabled="true"
98-->src\main\AndroidManifest.xml:82:13-35
99            android:exported="false"
99-->src\main\AndroidManifest.xml:83:13-37
100            android:foregroundServiceType="specialUse" >
100-->src\main\AndroidManifest.xml:84:13-55
101            <property
101-->src\main\AndroidManifest.xml:85:13-87:49
102                android:name="android.app.PROPERTY_SPECIAL_USE_FGS_SUBTYPE"
102-->src\main\AndroidManifest.xml:86:17-76
103                android:value="Alarm ringing" />
103-->src\main\AndroidManifest.xml:87:17-46
104        </service>
105
106        <!-- Chain Service for managing alarm sequences -->
107        <service
107-->src\main\AndroidManifest.xml:91:9-99:19
108            android:name="com.medicinereminder.app.ChainService"
108-->src\main\AndroidManifest.xml:92:13-41
109            android:enabled="true"
109-->src\main\AndroidManifest.xml:93:13-35
110            android:exported="false"
110-->src\main\AndroidManifest.xml:94:13-37
111            android:foregroundServiceType="specialUse" >
111-->src\main\AndroidManifest.xml:95:13-55
112            <property
112-->src\main\AndroidManifest.xml:85:13-87:49
113                android:name="android.app.PROPERTY_SPECIAL_USE_FGS_SUBTYPE"
113-->src\main\AndroidManifest.xml:86:17-76
114                android:value="Alarm chain countdown" />
114-->src\main\AndroidManifest.xml:87:17-46
115        </service>
116
117        <activity
117-->[androidx.compose.ui:ui-test-manifest:1.5.4] AndroidManifest.xml:23:9-25:39
118            android:name="androidx.activity.ComponentActivity"
118-->[androidx.compose.ui:ui-test-manifest:1.5.4] AndroidManifest.xml:24:13-63
119            android:exported="true" />
119-->[androidx.compose.ui:ui-test-manifest:1.5.4] AndroidManifest.xml:25:13-36
120        <activity
120-->[androidx.compose.ui:ui-tooling-android:1.5.4] AndroidManifest.xml:23:9-25:39
121            android:name="androidx.compose.ui.tooling.PreviewActivity"
121-->[androidx.compose.ui:ui-tooling-android:1.5.4] AndroidManifest.xml:24:13-71
122            android:exported="true" />
122-->[androidx.compose.ui:ui-tooling-android:1.5.4] AndroidManifest.xml:25:13-36
123
124        <provider
124-->[androidx.emoji2:emoji2:1.4.0] AndroidManifest.xml:24:9-32:20
125            android:name="androidx.startup.InitializationProvider"
125-->[androidx.emoji2:emoji2:1.4.0] AndroidManifest.xml:25:13-67
126            android:authorities="com.medicinereminder.app.androidx-startup"
126-->[androidx.emoji2:emoji2:1.4.0] AndroidManifest.xml:26:13-68
127            android:exported="false" >
127-->[androidx.emoji2:emoji2:1.4.0] AndroidManifest.xml:27:13-37
128            <meta-data
128-->[androidx.emoji2:emoji2:1.4.0] AndroidManifest.xml:29:13-31:52
129                android:name="androidx.emoji2.text.EmojiCompatInitializer"
129-->[androidx.emoji2:emoji2:1.4.0] AndroidManifest.xml:30:17-75
130                android:value="androidx.startup" />
130-->[androidx.emoji2:emoji2:1.4.0] AndroidManifest.xml:31:17-49
131            <meta-data
131-->[androidx.lifecycle:lifecycle-process:2.7.0] AndroidManifest.xml:29:13-31:52
132                android:name="androidx.lifecycle.ProcessLifecycleInitializer"
132-->[androidx.lifecycle:lifecycle-process:2.7.0] AndroidManifest.xml:30:17-78
133                android:value="androidx.startup" />
133-->[androidx.lifecycle:lifecycle-process:2.7.0] AndroidManifest.xml:31:17-49
134            <meta-data
134-->[androidx.profileinstaller:profileinstaller:1.3.0] AndroidManifest.xml:29:13-31:52
135                android:name="androidx.profileinstaller.ProfileInstallerInitializer"
135-->[androidx.profileinstaller:profileinstaller:1.3.0] AndroidManifest.xml:30:17-85
136                android:value="androidx.startup" />
136-->[androidx.profileinstaller:profileinstaller:1.3.0] AndroidManifest.xml:31:17-49
137        </provider>
138
139        <receiver
139-->[androidx.profileinstaller:profileinstaller:1.3.0] AndroidManifest.xml:34:9-52:20
140            android:name="androidx.profileinstaller.ProfileInstallReceiver"
140-->[androidx.profileinstaller:profileinstaller:1.3.0] AndroidManifest.xml:35:13-76
141            android:directBootAware="false"
141-->[androidx.profileinstaller:profileinstaller:1.3.0] AndroidManifest.xml:36:13-44
142            android:enabled="true"
142-->[androidx.profileinstaller:profileinstaller:1.3.0] AndroidManifest.xml:37:13-35
143            android:exported="true"
143-->[androidx.profileinstaller:profileinstaller:1.3.0] AndroidManifest.xml:38:13-36
144            android:permission="android.permission.DUMP" >
144-->[androidx.profileinstaller:profileinstaller:1.3.0] AndroidManifest.xml:39:13-57
145            <intent-filter>
145-->[androidx.profileinstaller:profileinstaller:1.3.0] AndroidManifest.xml:40:13-42:29
146                <action android:name="androidx.profileinstaller.action.INSTALL_PROFILE" />
146-->[androidx.profileinstaller:profileinstaller:1.3.0] AndroidManifest.xml:41:17-91
146-->[androidx.profileinstaller:profileinstaller:1.3.0] AndroidManifest.xml:41:25-88
147            </intent-filter>
148            <intent-filter>
148-->[androidx.profileinstaller:profileinstaller:1.3.0] AndroidManifest.xml:43:13-45:29
149                <action android:name="androidx.profileinstaller.action.SKIP_FILE" />
149-->[androidx.profileinstaller:profileinstaller:1.3.0] AndroidManifest.xml:44:17-85
149-->[androidx.profileinstaller:profileinstaller:1.3.0] AndroidManifest.xml:44:25-82
150            </intent-filter>
151            <intent-filter>
151-->[androidx.profileinstaller:profileinstaller:1.3.0] AndroidManifest.xml:46:13-48:29
152                <action android:name="androidx.profileinstaller.action.SAVE_PROFILE" />
152-->[androidx.profileinstaller:profileinstaller:1.3.0] AndroidManifest.xml:47:17-88
152-->[androidx.profileinstaller:profileinstaller:1.3.0] AndroidManifest.xml:47:25-85
153            </intent-filter>
154            <intent-filter>
154-->[androidx.profileinstaller:profileinstaller:1.3.0] AndroidManifest.xml:49:13-51:29
155                <action android:name="androidx.profileinstaller.action.BENCHMARK_OPERATION" />
155-->[androidx.profileinstaller:profileinstaller:1.3.0] AndroidManifest.xml:50:17-95
155-->[androidx.profileinstaller:profileinstaller:1.3.0] AndroidManifest.xml:50:25-92
156            </intent-filter>
157        </receiver>
158    </application>
159
160</manifest>